[2021-05-23 02:02:28,335] {taskinstance.py:655} INFO - Dependencies all met for <TaskInstance: marketvol.connect 2021-05-21T18:00:00+00:00 [queued]>
[2021-05-23 02:02:28,364] {taskinstance.py:655} INFO - Dependencies all met for <TaskInstance: marketvol.connect 2021-05-21T18:00:00+00:00 [queued]>
[2021-05-23 02:02:28,365] {taskinstance.py:866} INFO - 
--------------------------------------------------------------------------------
[2021-05-23 02:02:28,366] {taskinstance.py:867} INFO - Starting attempt 1 of 3
[2021-05-23 02:02:28,367] {taskinstance.py:868} INFO - 
--------------------------------------------------------------------------------
[2021-05-23 02:02:28,386] {taskinstance.py:887} INFO - Executing <Task(DummyOperator): connect> on 2021-05-21T18:00:00+00:00
[2021-05-23 02:02:28,393] {standard_task_runner.py:53} INFO - Started process 577 to run task
[2021-05-23 02:02:28,483] {logging_mixin.py:112} INFO - Running %s on host %s <TaskInstance: marketvol.connect 2021-05-21T18:00:00+00:00 [running]> c240d08e6ad5
[2021-05-23 02:02:28,528] {taskinstance.py:1048} INFO - Marking task as SUCCESS.dag_id=marketvol, task_id=connect, execution_date=20210521T180000, start_date=20210523T020228, end_date=20210523T020228
[2021-05-23 02:02:38,290] {logging_mixin.py:112} INFO - [2021-05-23 02:02:38,289] {local_task_job.py:103} INFO - Task exited with return code 0
[2021-05-23 04:56:38,806] {taskinstance.py:655} INFO - Dependencies all met for <TaskInstance: marketvol.connect 2021-05-21T18:00:00+00:00 [queued]>
[2021-05-23 04:56:38,825] {taskinstance.py:655} INFO - Dependencies all met for <TaskInstance: marketvol.connect 2021-05-21T18:00:00+00:00 [queued]>
[2021-05-23 04:56:38,826] {taskinstance.py:866} INFO - 
--------------------------------------------------------------------------------
[2021-05-23 04:56:38,827] {taskinstance.py:867} INFO - Starting attempt 1 of 3
[2021-05-23 04:56:38,827] {taskinstance.py:868} INFO - 
--------------------------------------------------------------------------------
[2021-05-23 04:56:38,842] {taskinstance.py:887} INFO - Executing <Task(DummyOperator): connect> on 2021-05-21T18:00:00+00:00
[2021-05-23 04:56:38,846] {standard_task_runner.py:53} INFO - Started process 1957 to run task
[2021-05-23 04:56:38,911] {logging_mixin.py:112} INFO - Running %s on host %s <TaskInstance: marketvol.connect 2021-05-21T18:00:00+00:00 [running]> 67459f5d81d7
[2021-05-23 04:56:38,944] {taskinstance.py:1048} INFO - Marking task as SUCCESS.dag_id=marketvol, task_id=connect, execution_date=20210521T180000, start_date=20210523T045638, end_date=20210523T045638
[2021-05-23 04:56:48,789] {logging_mixin.py:112} INFO - [2021-05-23 04:56:48,789] {local_task_job.py:103} INFO - Task exited with return code 0
