[2021-05-23 04:39:27,674] {taskinstance.py:655} INFO - Dependencies all met for <TaskInstance: marketvol.download_apple_stock 2021-05-23T04:39:19.265757+00:00 [queued]>
[2021-05-23 04:39:27,696] {taskinstance.py:655} INFO - Dependencies all met for <TaskInstance: marketvol.download_apple_stock 2021-05-23T04:39:19.265757+00:00 [queued]>
[2021-05-23 04:39:27,699] {taskinstance.py:866} INFO - 
--------------------------------------------------------------------------------
[2021-05-23 04:39:27,700] {taskinstance.py:867} INFO - Starting attempt 1 of 3
[2021-05-23 04:39:27,701] {taskinstance.py:868} INFO - 
--------------------------------------------------------------------------------
[2021-05-23 04:39:27,717] {taskinstance.py:887} INFO - Executing <Task(PythonOperator): download_apple_stock> on 2021-05-23T04:39:19.265757+00:00
[2021-05-23 04:39:27,721] {standard_task_runner.py:53} INFO - Started process 3184 to run task
[2021-05-23 04:39:27,840] {logging_mixin.py:112} INFO - Running %s on host %s <TaskInstance: marketvol.download_apple_stock 2021-05-23T04:39:19.265757+00:00 [running]> 208e7b2250b3
[2021-05-23 04:39:27,878] {logging_mixin.py:112} INFO - Downloading stock data for aapl
[2021-05-23 04:39:27,880] {logging_mixin.py:112} INFO - 2021-05-23
[2021-05-23 04:39:27,882] {logging_mixin.py:112} INFO - Start_date: 2021-05-23 00:00:00
[2021-05-23 04:39:27,884] {logging_mixin.py:112} INFO - End_date: 2021-05-24 00:00:00
[2021-05-23 04:39:27,884] {logging_mixin.py:112} INFO - 2021-05-23
[2021-05-23 04:39:28,172] {logging_mixin.py:112} INFO - [*********************100%***********************]  1 of 1 completed
[2021-05-23 04:39:28,173] {logging_mixin.py:112} INFO - 
[2021-05-23 04:39:28,174] {logging_mixin.py:112} INFO - 
1 Failed download:
[2021-05-23 04:39:28,175] {logging_mixin.py:112} INFO - - AAPL: No data found for this date range, symbol may be delisted
[2021-05-23 04:39:28,193] {python_operator.py:114} INFO - Done. Returned value was: None
[2021-05-23 04:39:28,220] {taskinstance.py:1048} INFO - Marking task as SUCCESS.dag_id=marketvol, task_id=download_apple_stock, execution_date=20210523T043919, start_date=20210523T043927, end_date=20210523T043928
[2021-05-23 04:39:37,615] {logging_mixin.py:112} INFO - [2021-05-23 04:39:37,614] {local_task_job.py:103} INFO - Task exited with return code 0
