[2021-05-23 02:02:31,214] {taskinstance.py:655} INFO - Dependencies all met for <TaskInstance: marketvol.execute_query_on_data 2021-05-21T18:00:00+00:00 [queued]>
[2021-05-23 02:02:31,258] {taskinstance.py:655} INFO - Dependencies all met for <TaskInstance: marketvol.execute_query_on_data 2021-05-21T18:00:00+00:00 [queued]>
[2021-05-23 02:02:31,260] {taskinstance.py:866} INFO - 
--------------------------------------------------------------------------------
[2021-05-23 02:02:31,262] {taskinstance.py:867} INFO - Starting attempt 1 of 3
[2021-05-23 02:02:31,264] {taskinstance.py:868} INFO - 
--------------------------------------------------------------------------------
[2021-05-23 02:02:31,297] {taskinstance.py:887} INFO - Executing <Task(PythonOperator): execute_query_on_data> on 2021-05-21T18:00:00+00:00
[2021-05-23 02:02:31,311] {standard_task_runner.py:53} INFO - Started process 467 to run task
[2021-05-23 02:02:31,468] {logging_mixin.py:112} INFO - Running %s on host %s <TaskInstance: marketvol.execute_query_on_data 2021-05-21T18:00:00+00:00 [running]> 6300dc5717d3
[2021-05-23 02:02:31,534] {logging_mixin.py:112} INFO - Execute a query on the Apple stock finance dataframe and display the results
[2021-05-23 02:02:31,535] {logging_mixin.py:112} INFO - 2021-05-21
[2021-05-23 02:02:31,637] {logging_mixin.py:112} INFO -                       Datetime        Open  ...   Adj Close  Volume
1    2021-05-21 09:31:00-04:00  127.849998  ...  127.750000  462167
4    2021-05-21 09:34:00-04:00  127.380096  ...  127.445000  410063
5    2021-05-21 09:35:00-04:00  127.449997  ...  127.430000  397833
6    2021-05-21 09:36:00-04:00  127.419998  ...  127.300003  493037
7    2021-05-21 09:37:00-04:00  127.309998  ...  127.220001  349111
..                         ...         ...  ...         ...     ...
381  2021-05-21 15:51:00-04:00  125.550003  ...  125.525002  258958
382  2021-05-21 15:52:00-04:00  125.529999  ...  125.680000  382362
383  2021-05-21 15:53:00-04:00  125.680000  ...  125.695000  251544
385  2021-05-21 15:55:00-04:00  125.430000  ...  125.379997  439411
386  2021-05-21 15:56:00-04:00  125.379997  ...  125.275002  481324

[379 rows x 7 columns]
[2021-05-23 02:02:31,639] {logging_mixin.py:112} INFO - ---------------------------------------------------------------------
[2021-05-23 02:02:31,640] {logging_mixin.py:112} INFO - Execute a query on the TSLA stock finance dataframe and display the results
[2021-05-23 02:02:31,693] {logging_mixin.py:112} INFO -                       Datetime        Open  ...   Adj Close  Volume
1    2021-05-21 09:31:00-04:00  593.335815  ...  593.359985  249202
2    2021-05-21 09:32:00-04:00  593.109985  ...  591.869995  187406
3    2021-05-21 09:33:00-04:00  591.650085  ...  590.850098  177936
4    2021-05-21 09:34:00-04:00  591.235901  ...  592.009705  202718
5    2021-05-21 09:35:00-04:00  591.729980  ...  590.450012  195775
..                         ...         ...  ...         ...     ...
385  2021-05-21 15:55:00-04:00  581.647400  ...  581.200012   79645
386  2021-05-21 15:56:00-04:00  581.119995  ...  580.780029   94770
387  2021-05-21 15:57:00-04:00  580.789978  ...  581.059998  108759
388  2021-05-21 15:58:00-04:00  581.044983  ...  580.559998  131697
389  2021-05-21 15:59:00-04:00  580.555908  ...  580.890015  234385

[387 rows x 7 columns]
[2021-05-23 02:02:31,694] {python_operator.py:114} INFO - Done. Returned value was: None
[2021-05-23 02:02:31,715] {taskinstance.py:1048} INFO - Marking task as SUCCESS.dag_id=marketvol, task_id=execute_query_on_data, execution_date=20210521T180000, start_date=20210523T020231, end_date=20210523T020231
[2021-05-23 02:02:41,123] {logging_mixin.py:112} INFO - [2021-05-23 02:02:41,123] {local_task_job.py:103} INFO - Task exited with return code 0
[2021-05-23 04:56:41,914] {taskinstance.py:655} INFO - Dependencies all met for <TaskInstance: marketvol.execute_query_on_data 2021-05-21T18:00:00+00:00 [queued]>
[2021-05-23 04:56:41,933] {taskinstance.py:655} INFO - Dependencies all met for <TaskInstance: marketvol.execute_query_on_data 2021-05-21T18:00:00+00:00 [queued]>
[2021-05-23 04:56:41,934] {taskinstance.py:866} INFO - 
--------------------------------------------------------------------------------
[2021-05-23 04:56:41,935] {taskinstance.py:867} INFO - Starting attempt 1 of 3
[2021-05-23 04:56:41,935] {taskinstance.py:868} INFO - 
--------------------------------------------------------------------------------
[2021-05-23 04:56:41,947] {taskinstance.py:887} INFO - Executing <Task(PythonOperator): execute_query_on_data> on 2021-05-21T18:00:00+00:00
[2021-05-23 04:56:41,950] {standard_task_runner.py:53} INFO - Started process 2162 to run task
[2021-05-23 04:56:42,013] {logging_mixin.py:112} INFO - Running %s on host %s <TaskInstance: marketvol.execute_query_on_data 2021-05-21T18:00:00+00:00 [running]> 2c3412db0863
[2021-05-23 04:56:42,036] {logging_mixin.py:112} INFO - Execute a query on the Apple stock finance dataframe and display the results
[2021-05-23 04:56:42,036] {logging_mixin.py:112} INFO - 2021-05-21
[2021-05-23 04:56:42,091] {logging_mixin.py:112} INFO -                       Datetime        Open  ...   Adj Close  Volume
1    2021-05-21 09:31:00-04:00  127.849998  ...  127.750000  462167
4    2021-05-21 09:34:00-04:00  127.380096  ...  127.445000  410063
5    2021-05-21 09:35:00-04:00  127.449997  ...  127.430000  397833
6    2021-05-21 09:36:00-04:00  127.419998  ...  127.300003  493037
7    2021-05-21 09:37:00-04:00  127.309998  ...  127.220001  349111
..                         ...         ...  ...         ...     ...
381  2021-05-21 15:51:00-04:00  125.550003  ...  125.525002  258958
382  2021-05-21 15:52:00-04:00  125.529999  ...  125.680000  382362
383  2021-05-21 15:53:00-04:00  125.680000  ...  125.695000  251544
385  2021-05-21 15:55:00-04:00  125.430000  ...  125.379997  439411
386  2021-05-21 15:56:00-04:00  125.379997  ...  125.275002  481324

[379 rows x 7 columns]
[2021-05-23 04:56:42,093] {logging_mixin.py:112} INFO - ---------------------------------------------------------------------
[2021-05-23 04:56:42,094] {logging_mixin.py:112} INFO - Execute a query on the TSLA stock finance dataframe and display the results
[2021-05-23 04:56:42,114] {logging_mixin.py:112} INFO -                       Datetime        Open  ...   Adj Close  Volume
1    2021-05-21 09:31:00-04:00  593.335815  ...  593.359985  249202
2    2021-05-21 09:32:00-04:00  593.109985  ...  591.869995  187406
3    2021-05-21 09:33:00-04:00  591.650085  ...  590.850098  177936
4    2021-05-21 09:34:00-04:00  591.235901  ...  592.009705  202718
5    2021-05-21 09:35:00-04:00  591.729980  ...  590.450012  195775
..                         ...         ...  ...         ...     ...
385  2021-05-21 15:55:00-04:00  581.647400  ...  581.200012   79645
386  2021-05-21 15:56:00-04:00  581.119995  ...  580.780029   94770
387  2021-05-21 15:57:00-04:00  580.789978  ...  581.059998  108759
388  2021-05-21 15:58:00-04:00  581.044983  ...  580.559998  131697
389  2021-05-21 15:59:00-04:00  580.555908  ...  580.890015  234385

[387 rows x 7 columns]
[2021-05-23 04:56:42,115] {python_operator.py:114} INFO - Done. Returned value was: None
[2021-05-23 04:56:42,125] {taskinstance.py:1048} INFO - Marking task as SUCCESS.dag_id=marketvol, task_id=execute_query_on_data, execution_date=20210521T180000, start_date=20210523T045641, end_date=20210523T045642
[2021-05-23 04:56:51,901] {logging_mixin.py:112} INFO - [2021-05-23 04:56:51,900] {local_task_job.py:103} INFO - Task exited with return code 0
