[2021-05-23 04:55:39,266] {taskinstance.py:655} INFO - Dependencies all met for <TaskInstance: marketvol.download_tsla_stock 2021-05-23T04:55:32.748724+00:00 [queued]>
[2021-05-23 04:55:39,289] {taskinstance.py:655} INFO - Dependencies all met for <TaskInstance: marketvol.download_tsla_stock 2021-05-23T04:55:32.748724+00:00 [queued]>
[2021-05-23 04:55:39,292] {taskinstance.py:866} INFO - 
--------------------------------------------------------------------------------
[2021-05-23 04:55:39,292] {taskinstance.py:867} INFO - Starting attempt 1 of 3
[2021-05-23 04:55:39,295] {taskinstance.py:868} INFO - 
--------------------------------------------------------------------------------
[2021-05-23 04:55:39,308] {taskinstance.py:887} INFO - Executing <Task(PythonOperator): download_tsla_stock> on 2021-05-23T04:55:32.748724+00:00
[2021-05-23 04:55:39,313] {standard_task_runner.py:53} INFO - Started process 1639 to run task
[2021-05-23 04:55:39,399] {logging_mixin.py:112} INFO - Running %s on host %s <TaskInstance: marketvol.download_tsla_stock 2021-05-23T04:55:32.748724+00:00 [running]> 67459f5d81d7
[2021-05-23 04:55:39,425] {logging_mixin.py:112} INFO - Downloading stock data for tsla
[2021-05-23 04:55:39,427] {logging_mixin.py:112} INFO - 2021-05-23
[2021-05-23 04:55:39,430] {logging_mixin.py:112} INFO - Start_date: 2021-05-23 00:00:00
[2021-05-23 04:55:39,431] {logging_mixin.py:112} INFO - End_date: 2021-05-24 00:00:00
[2021-05-23 04:55:39,432] {logging_mixin.py:112} INFO - 2021-05-23
[2021-05-23 04:55:39,622] {logging_mixin.py:112} INFO - [*********************100%***********************]  1 of 1 completed
[2021-05-23 04:55:39,624] {logging_mixin.py:112} INFO - 
[2021-05-23 04:55:39,626] {logging_mixin.py:112} INFO - 
1 Failed download:
[2021-05-23 04:55:39,627] {logging_mixin.py:112} INFO - - TSLA: No data found for this date range, symbol may be delisted
[2021-05-23 04:55:39,640] {python_operator.py:114} INFO - Done. Returned value was: None
[2021-05-23 04:55:39,664] {taskinstance.py:1048} INFO - Marking task as SUCCESS.dag_id=marketvol, task_id=download_tsla_stock, execution_date=20210523T045532, start_date=20210523T045539, end_date=20210523T045539
[2021-05-23 04:55:49,243] {logging_mixin.py:112} INFO - [2021-05-23 04:55:49,243] {local_task_job.py:103} INFO - Task exited with return code 0
