[2021-05-23 04:39:39,179] {taskinstance.py:655} INFO - Dependencies all met for <TaskInstance: marketvol.execute_query_on_data 2021-05-23T04:39:19.265757+00:00 [queued]>
[2021-05-23 04:39:39,208] {taskinstance.py:655} INFO - Dependencies all met for <TaskInstance: marketvol.execute_query_on_data 2021-05-23T04:39:19.265757+00:00 [queued]>
[2021-05-23 04:39:39,209] {taskinstance.py:866} INFO - 
--------------------------------------------------------------------------------
[2021-05-23 04:39:39,210] {taskinstance.py:867} INFO - Starting attempt 1 of 3
[2021-05-23 04:39:39,211] {taskinstance.py:868} INFO - 
--------------------------------------------------------------------------------
[2021-05-23 04:39:39,228] {taskinstance.py:887} INFO - Executing <Task(PythonOperator): execute_query_on_data> on 2021-05-23T04:39:19.265757+00:00
[2021-05-23 04:39:39,233] {standard_task_runner.py:53} INFO - Started process 3286 to run task
[2021-05-23 04:39:39,303] {logging_mixin.py:112} INFO - Running %s on host %s <TaskInstance: marketvol.execute_query_on_data 2021-05-23T04:39:19.265757+00:00 [running]> 208e7b2250b3
[2021-05-23 04:39:39,334] {logging_mixin.py:112} INFO - Execute a query on the Apple stock finance dataframe and display the results
[2021-05-23 04:39:39,335] {logging_mixin.py:112} INFO - 2021-05-23
[2021-05-23 04:39:39,377] {logging_mixin.py:112} INFO - Empty DataFrame
Columns: [Date, Open, High, Low, Close, Adj Close, Volume]
Index: []
[2021-05-23 04:39:39,378] {logging_mixin.py:112} INFO - ---------------------------------------------------------------------
[2021-05-23 04:39:39,378] {logging_mixin.py:112} INFO - Execute a query on the TSLA stock finance dataframe and display the results
[2021-05-23 04:39:39,386] {logging_mixin.py:112} INFO - Empty DataFrame
Columns: [Date, Open, High, Low, Close, Adj Close, Volume]
Index: []
[2021-05-23 04:39:39,387] {python_operator.py:114} INFO - Done. Returned value was: None
[2021-05-23 04:39:39,398] {taskinstance.py:1048} INFO - Marking task as SUCCESS.dag_id=marketvol, task_id=execute_query_on_data, execution_date=20210523T043919, start_date=20210523T043939, end_date=20210523T043939
[2021-05-23 04:39:49,111] {logging_mixin.py:112} INFO - [2021-05-23 04:39:49,111] {local_task_job.py:103} INFO - Task exited with return code 0
