[2021-05-23 04:55:39,179] {taskinstance.py:655} INFO - Dependencies all met for <TaskInstance: marketvol.download_apple_stock 2021-05-23T04:55:32.748724+00:00 [queued]>
[2021-05-23 04:55:39,212] {taskinstance.py:655} INFO - Dependencies all met for <TaskInstance: marketvol.download_apple_stock 2021-05-23T04:55:32.748724+00:00 [queued]>
[2021-05-23 04:55:39,213] {taskinstance.py:866} INFO - 
--------------------------------------------------------------------------------
[2021-05-23 04:55:39,214] {taskinstance.py:867} INFO - Starting attempt 1 of 3
[2021-05-23 04:55:39,215] {taskinstance.py:868} INFO - 
--------------------------------------------------------------------------------
[2021-05-23 04:55:39,237] {taskinstance.py:887} INFO - Executing <Task(PythonOperator): download_apple_stock> on 2021-05-23T04:55:32.748724+00:00
[2021-05-23 04:55:39,241] {standard_task_runner.py:53} INFO - Started process 1636 to run task
[2021-05-23 04:55:39,340] {logging_mixin.py:112} INFO - Running %s on host %s <TaskInstance: marketvol.download_apple_stock 2021-05-23T04:55:32.748724+00:00 [running]> 67459f5d81d7
[2021-05-23 04:55:39,366] {logging_mixin.py:112} INFO - Downloading stock data for aapl
[2021-05-23 04:55:39,367] {logging_mixin.py:112} INFO - 2021-05-23
[2021-05-23 04:55:39,369] {logging_mixin.py:112} INFO - Start_date: 2021-05-23 00:00:00
[2021-05-23 04:55:39,370] {logging_mixin.py:112} INFO - End_date: 2021-05-24 00:00:00
[2021-05-23 04:55:39,371] {logging_mixin.py:112} INFO - 2021-05-23
[2021-05-23 04:55:39,597] {logging_mixin.py:112} INFO - [*********************100%***********************]  1 of 1 completed
[2021-05-23 04:55:39,598] {logging_mixin.py:112} INFO - 
[2021-05-23 04:55:39,599] {logging_mixin.py:112} INFO - 
1 Failed download:
[2021-05-23 04:55:39,600] {logging_mixin.py:112} INFO - - AAPL: No data found for this date range, symbol may be delisted
[2021-05-23 04:55:39,607] {python_operator.py:114} INFO - Done. Returned value was: None
[2021-05-23 04:55:39,619] {taskinstance.py:1048} INFO - Marking task as SUCCESS.dag_id=marketvol, task_id=download_apple_stock, execution_date=20210523T045532, start_date=20210523T045539, end_date=20210523T045539
[2021-05-23 04:55:49,152] {logging_mixin.py:112} INFO - [2021-05-23 04:55:49,152] {local_task_job.py:103} INFO - Task exited with return code 0
