[2021-05-23 02:02:21,163] {taskinstance.py:655} INFO - Dependencies all met for <TaskInstance: marketvol.download_tsla_stock 2021-05-21T18:00:00+00:00 [queued]>
[2021-05-23 02:02:21,240] {taskinstance.py:655} INFO - Dependencies all met for <TaskInstance: marketvol.download_tsla_stock 2021-05-21T18:00:00+00:00 [queued]>
[2021-05-23 02:02:21,244] {taskinstance.py:866} INFO - 
--------------------------------------------------------------------------------
[2021-05-23 02:02:21,245] {taskinstance.py:867} INFO - Starting attempt 1 of 3
[2021-05-23 02:02:21,247] {taskinstance.py:868} INFO - 
--------------------------------------------------------------------------------
[2021-05-23 02:02:21,277] {taskinstance.py:887} INFO - Executing <Task(PythonOperator): download_tsla_stock> on 2021-05-21T18:00:00+00:00
[2021-05-23 02:02:21,284] {standard_task_runner.py:53} INFO - Started process 523 to run task
[2021-05-23 02:02:21,433] {logging_mixin.py:112} INFO - Running %s on host %s <TaskInstance: marketvol.download_tsla_stock 2021-05-21T18:00:00+00:00 [running]> c240d08e6ad5
[2021-05-23 02:02:21,479] {logging_mixin.py:112} INFO - Downloading stock data for tsla
[2021-05-23 02:02:21,481] {logging_mixin.py:112} INFO - 2021-05-21
[2021-05-23 02:02:21,484] {logging_mixin.py:112} INFO - Start_date: 2021-05-21 00:00:00
[2021-05-23 02:02:21,486] {logging_mixin.py:112} INFO - End_date: 2021-05-22 00:00:00
[2021-05-23 02:02:21,487] {logging_mixin.py:112} INFO - 2021-05-21
[2021-05-23 02:02:21,850] {logging_mixin.py:112} INFO - [*********************100%***********************]  1 of 1 completed
[2021-05-23 02:02:21,852] {logging_mixin.py:112} INFO - 
[2021-05-23 02:02:21,907] {python_operator.py:114} INFO - Done. Returned value was: None
[2021-05-23 02:02:21,926] {taskinstance.py:1048} INFO - Marking task as SUCCESS.dag_id=marketvol, task_id=download_tsla_stock, execution_date=20210521T180000, start_date=20210523T020221, end_date=20210523T020221
[2021-05-23 02:02:31,070] {logging_mixin.py:112} INFO - [2021-05-23 02:02:31,070] {local_task_job.py:103} INFO - Task exited with return code 0
[2021-05-23 04:51:29,694] {taskinstance.py:655} INFO - Dependencies all met for <TaskInstance: marketvol.download_tsla_stock 2021-05-21T18:00:00+00:00 [queued]>
[2021-05-23 04:51:29,720] {taskinstance.py:655} INFO - Dependencies all met for <TaskInstance: marketvol.download_tsla_stock 2021-05-21T18:00:00+00:00 [queued]>
[2021-05-23 04:51:29,722] {taskinstance.py:866} INFO - 
--------------------------------------------------------------------------------
[2021-05-23 04:51:29,723] {taskinstance.py:867} INFO - Starting attempt 1 of 3
[2021-05-23 04:51:29,724] {taskinstance.py:868} INFO - 
--------------------------------------------------------------------------------
[2021-05-23 04:51:29,745] {taskinstance.py:887} INFO - Executing <Task(PythonOperator): download_tsla_stock> on 2021-05-21T18:00:00+00:00
[2021-05-23 04:51:29,753] {standard_task_runner.py:53} INFO - Started process 383 to run task
[2021-05-23 04:51:29,878] {logging_mixin.py:112} INFO - Running %s on host %s <TaskInstance: marketvol.download_tsla_stock 2021-05-21T18:00:00+00:00 [running]> 67459f5d81d7
[2021-05-23 04:51:29,916] {logging_mixin.py:112} INFO - Downloading stock data for tsla
[2021-05-23 04:51:29,917] {logging_mixin.py:112} INFO - 2021-05-21
[2021-05-23 04:51:29,924] {logging_mixin.py:112} INFO - Start_date: 2021-05-21 00:00:00
[2021-05-23 04:51:29,925] {logging_mixin.py:112} INFO - End_date: 2021-05-22 00:00:00
[2021-05-23 04:51:29,926] {logging_mixin.py:112} INFO - 2021-05-21
[2021-05-23 04:51:30,216] {logging_mixin.py:112} INFO - [*********************100%***********************]  1 of 1 completed
[2021-05-23 04:51:30,217] {logging_mixin.py:112} INFO - 
[2021-05-23 04:51:30,249] {python_operator.py:114} INFO - Done. Returned value was: None
[2021-05-23 04:51:30,265] {taskinstance.py:1048} INFO - Marking task as SUCCESS.dag_id=marketvol, task_id=download_tsla_stock, execution_date=20210521T180000, start_date=20210523T045129, end_date=20210523T045130
[2021-05-23 04:51:39,641] {logging_mixin.py:112} INFO - [2021-05-23 04:51:39,641] {local_task_job.py:103} INFO - Task exited with return code 0
