[2021-05-23 02:02:21,138] {taskinstance.py:655} INFO - Dependencies all met for <TaskInstance: marketvol.download_apple_stock 2021-05-21T18:00:00+00:00 [queued]>
[2021-05-23 02:02:21,225] {taskinstance.py:655} INFO - Dependencies all met for <TaskInstance: marketvol.download_apple_stock 2021-05-21T18:00:00+00:00 [queued]>
[2021-05-23 02:02:21,226] {taskinstance.py:866} INFO - 
--------------------------------------------------------------------------------
[2021-05-23 02:02:21,227] {taskinstance.py:867} INFO - Starting attempt 1 of 3
[2021-05-23 02:02:21,228] {taskinstance.py:868} INFO - 
--------------------------------------------------------------------------------
[2021-05-23 02:02:21,258] {taskinstance.py:887} INFO - Executing <Task(PythonOperator): download_apple_stock> on 2021-05-21T18:00:00+00:00
[2021-05-23 02:02:21,268] {standard_task_runner.py:53} INFO - Started process 522 to run task
[2021-05-23 02:02:21,452] {logging_mixin.py:112} INFO - Running %s on host %s <TaskInstance: marketvol.download_apple_stock 2021-05-21T18:00:00+00:00 [running]> c240d08e6ad5
[2021-05-23 02:02:21,519] {logging_mixin.py:112} INFO - Downloading stock data for aapl
[2021-05-23 02:02:21,521] {logging_mixin.py:112} INFO - 2021-05-21
[2021-05-23 02:02:21,530] {logging_mixin.py:112} INFO - Start_date: 2021-05-21 00:00:00
[2021-05-23 02:02:21,531] {logging_mixin.py:112} INFO - End_date: 2021-05-22 00:00:00
[2021-05-23 02:02:21,532] {logging_mixin.py:112} INFO - 2021-05-21
[2021-05-23 02:02:21,870] {logging_mixin.py:112} INFO - [*********************100%***********************]  1 of 1 completed
[2021-05-23 02:02:21,872] {logging_mixin.py:112} INFO - 
[2021-05-23 02:02:21,906] {python_operator.py:114} INFO - Done. Returned value was: None
[2021-05-23 02:02:21,927] {taskinstance.py:1048} INFO - Marking task as SUCCESS.dag_id=marketvol, task_id=download_apple_stock, execution_date=20210521T180000, start_date=20210523T020221, end_date=20210523T020221
[2021-05-23 02:02:31,033] {logging_mixin.py:112} INFO - [2021-05-23 02:02:31,033] {local_task_job.py:103} INFO - Task exited with return code 0
[2021-05-23 04:51:29,664] {taskinstance.py:655} INFO - Dependencies all met for <TaskInstance: marketvol.download_apple_stock 2021-05-21T18:00:00+00:00 [queued]>
[2021-05-23 04:51:29,694] {taskinstance.py:655} INFO - Dependencies all met for <TaskInstance: marketvol.download_apple_stock 2021-05-21T18:00:00+00:00 [queued]>
[2021-05-23 04:51:29,695] {taskinstance.py:866} INFO - 
--------------------------------------------------------------------------------
[2021-05-23 04:51:29,696] {taskinstance.py:867} INFO - Starting attempt 1 of 3
[2021-05-23 04:51:29,697] {taskinstance.py:868} INFO - 
--------------------------------------------------------------------------------
[2021-05-23 04:51:29,716] {taskinstance.py:887} INFO - Executing <Task(PythonOperator): download_apple_stock> on 2021-05-21T18:00:00+00:00
[2021-05-23 04:51:29,724] {standard_task_runner.py:53} INFO - Started process 382 to run task
[2021-05-23 04:51:29,806] {logging_mixin.py:112} INFO - Running %s on host %s <TaskInstance: marketvol.download_apple_stock 2021-05-21T18:00:00+00:00 [running]> 67459f5d81d7
[2021-05-23 04:51:29,862] {logging_mixin.py:112} INFO - Downloading stock data for aapl
[2021-05-23 04:51:29,863] {logging_mixin.py:112} INFO - 2021-05-21
[2021-05-23 04:51:29,867] {logging_mixin.py:112} INFO - Start_date: 2021-05-21 00:00:00
[2021-05-23 04:51:29,867] {logging_mixin.py:112} INFO - End_date: 2021-05-22 00:00:00
[2021-05-23 04:51:29,868] {logging_mixin.py:112} INFO - 2021-05-21
[2021-05-23 04:51:30,211] {logging_mixin.py:112} INFO - [*********************100%***********************]  1 of 1 completed
[2021-05-23 04:51:30,213] {logging_mixin.py:112} INFO - 
[2021-05-23 04:51:30,249] {python_operator.py:114} INFO - Done. Returned value was: None
[2021-05-23 04:51:30,268] {taskinstance.py:1048} INFO - Marking task as SUCCESS.dag_id=marketvol, task_id=download_apple_stock, execution_date=20210521T180000, start_date=20210523T045129, end_date=20210523T045130
[2021-05-23 04:51:39,596] {logging_mixin.py:112} INFO - [2021-05-23 04:51:39,596] {local_task_job.py:103} INFO - Task exited with return code 0
